# JRE version: Java(TM) SE Runtime Environment (8.0_171-b11) (build 1.8.0_171-b11)
# Java VM: Java HotSpot(TM) 64-Bit Server VM (25.171-b11 mixed mode windows-amd64 compressed oops)
Heap:
 PSYoungGen      total 540160K, used 316630K [0x00000000d5f80000, 0x00000000fd700000, 0x0000000100000000)
  eden space 502272K, 55% used [0x00000000d5f80000,0x00000000e7021010,0x00000000f4a00000)
  from space 37888K, 98% used [0x00000000fb200000,0x00000000fd694a40,0x00000000fd700000)
  to   space 55808K, 0% used [0x00000000f6a00000,0x00000000f6a00000,0x00000000fa080000)
 ParOldGen       total 266240K, used 182547K [0x0000000081e00000, 0x0000000092200000, 0x00000000d5f80000)
  object space 266240K, 68% used [0x0000000081e00000,0x000000008d044e60,0x0000000092200000)
 Metaspace       used 15927K, capacity 16232K, committed 16384K, reserved 1062912K
  class space    used 1825K, capacity 1928K, committed 2048K, reserved 1048576K
GC Heap History (10 events):
Event: 8.924 GC heap before
{Heap before GC invocations=14 (full 1):
 PSYoungGen      total 352768K, used 325632K [0x00000000d5f80000, 0x00000000ed400000, 0x0000000100000000)
  eden space 325632K, 100% used [0x00000000d5f80000,0x00000000e9d80000,0x00000000e9d80000)
  from space 27136K, 0% used [0x00000000eb880000,0x00000000eb880000,0x00000000ed300000)
  to   space 27648K, 0% used [0x00000000e9d80000,0x00000000e9d80000,0x00000000eb880000)
 ParOldGen       total 153600K, used 86224K [0x0000000081e00000, 0x000000008b400000, 0x00000000d5f80000)
  object space 153600K, 56% used [0x0000000081e00000,0x0000000087234028,0x000000008b400000)
 Metaspace       used 15665K, capacity 15848K, committed 16000K, reserved 1062912K
  class space    used 1781K, capacity 1864K, committed 1920K, reserved 1048576K
Event: 8.967 GC heap after
Heap after GC invocations=14 (full 1):
 PSYoungGen      total 353280K, used 27618K [0x00000000d5f80000, 0x00000000f3d00000, 0x0000000100000000)
  eden space 325632K, 0% used [0x00000000d5f80000,0x00000000d5f80000,0x00000000e9d80000)
  from space 27648K, 99% used [0x00000000e9d80000,0x00000000eb878900,0x00000000eb880000)
  to   space 32256K, 0% used [0x00000000f1d80000,0x00000000f1d80000,0x00000000f3d00000)
 ParOldGen       total 153600K, used 88464K [0x0000000081e00000, 0x000000008b400000, 0x00000000d5f80000)
  object space 153600K, 57% used [0x0000000081e00000,0x0000000087464028,0x000000008b400000)
 Metaspace       used 15665K, capacity 15848K, committed 16000K, reserved 1062912K
  class space    used 1781K, capacity 1864K, committed 1920K, reserved 1048576K
}
Event: 9.858 GC heap before
{Heap before GC invocations=15 (full 1):
 PSYoungGen      total 353280K, used 353250K [0x00000000d5f80000, 0x00000000f3d00000, 0x0000000100000000)
  eden space 325632K, 100% used [0x00000000d5f80000,0x00000000e9d80000,0x00000000e9d80000)
  from space 27648K, 99% used [0x00000000e9d80000,0x00000000eb878900,0x00000000eb880000)
  to   space 32256K, 0% used [0x00000000f1d80000,0x00000000f1d80000,0x00000000f3d00000)
 ParOldGen       total 153600K, used 88464K [0x0000000081e00000, 0x000000008b400000, 0x00000000d5f80000)
  object space 153600K, 57% used [0x0000000081e00000,0x0000000087464028,0x000000008b400000)
 Metaspace       used 15665K, capacity 15848K, committed 16000K, reserved 1062912K
  class space    used 1781K, capacity 1864K, committed 1920K, reserved 1048576K
Event: 9.948 GC heap after
Heap after GC invocations=15 (full 1):
 PSYoungGen      total 453120K, used 29369K [0x00000000d5f80000, 0x00000000f4b80000, 0x0000000100000000)
  eden space 420864K, 0% used [0x00000000d5f80000,0x00000000d5f80000,0x00000000efa80000)
  from space 32256K, 91% used [0x00000000f1d80000,0x00000000f3a2e400,0x00000000f3d00000)
  to   space 35840K, 0% used [0x00000000efa80000,0x00000000efa80000,0x00000000f1d80000)
 ParOldGen       total 153600K, used 115953K [0x0000000081e00000, 0x000000008b400000, 0x00000000d5f80000)
  object space 153600K, 75% used [0x0000000081e00000,0x0000000088f3c540,0x000000008b400000)
 Metaspace       used 15665K, capacity 15848K, committed 16000K, reserved 1062912K
  class space    used 1781K, capacity 1864K, committed 1920K, reserved 1048576K
}
Event: 11.080 GC heap before
{Heap before GC invocations=16 (full 1):
 PSYoungGen      total 453120K, used 450233K [0x00000000d5f80000, 0x00000000f4b80000, 0x0000000100000000)
  eden space 420864K, 100% used [0x00000000d5f80000,0x00000000efa80000,0x00000000efa80000)
  from space 32256K, 91% used [0x00000000f1d80000,0x00000000f3a2e400,0x00000000f3d00000)
  to   space 35840K, 0% used [0x00000000efa80000,0x00000000efa80000,0x00000000f1d80000)
 ParOldGen       total 153600K, used 115953K [0x0000000081e00000, 0x000000008b400000, 0x00000000d5f80000)
  object space 153600K, 75% used [0x0000000081e00000,0x0000000088f3c540,0x000000008b400000)
 Metaspace       used 15665K, capacity 15848K, committed 16000K, reserved 1062912K
  class space    used 1781K, capacity 1864K, committed 1920K, reserved 1048576K
Event: 11.146 GC heap after
Heap after GC invocations=16 (full 1):
 PSYoungGen      total 456704K, used 35829K [0x00000000d5f80000, 0x00000000fe580000, 0x0000000100000000)
  eden space 420864K, 0% used [0x00000000d5f80000,0x00000000d5f80000,0x00000000efa80000)
  from space 35840K, 99% used [0x00000000efa80000,0x00000000f1d7d7c8,0x00000000f1d80000)
  to   space 52736K, 0% used [0x00000000fb200000,0x00000000fb200000,0x00000000fe580000)
 ParOldGen       total 153600K, used 148185K [0x0000000081e00000, 0x000000008b400000, 0x00000000d5f80000)
  object space 153600K, 96% used [0x0000000081e00000,0x000000008aeb6540,0x000000008b400000)
 Metaspace       used 15665K, capacity 15848K, committed 16000K, reserved 1062912K
  class space    used 1781K, capacity 1864K, committed 1920K, reserved 1048576K
}
Event: 11.146 GC heap before
{Heap before GC invocations=17 (full 2):
 PSYoungGen      total 456704K, used 35829K [0x00000000d5f80000, 0x00000000fe580000, 0x0000000100000000)
  eden space 420864K, 0% used [0x00000000d5f80000,0x00000000d5f80000,0x00000000efa80000)
  from space 35840K, 99% used [0x00000000efa80000,0x00000000f1d7d7c8,0x00000000f1d80000)
  to   space 52736K, 0% used [0x00000000fb200000,0x00000000fb200000,0x00000000fe580000)
 ParOldGen       total 153600K, used 148185K [0x0000000081e00000, 0x000000008b400000, 0x00000000d5f80000)
  object space 153600K, 96% used [0x0000000081e00000,0x000000008aeb6540,0x000000008b400000)
 Metaspace       used 15665K, capacity 15848K, committed 16000K, reserved 1062912K
  class space    used 1781K, capacity 1864K, committed 1920K, reserved 1048576K
Event: 11.779 GC heap after
Heap after GC invocations=17 (full 2):
 PSYoungGen      total 456704K, used 29142K [0x00000000d5f80000, 0x00000000fe580000, 0x0000000100000000)
  eden space 420864K, 0% used [0x00000000d5f80000,0x00000000d5f80000,0x00000000efa80000)
  from space 35840K, 81% used [0x00000000efa80000,0x00000000f16f5b28,0x00000000f1d80000)
  to   space 52736K, 0% used [0x00000000fb200000,0x00000000fb200000,0x00000000fe580000)
 ParOldGen       total 266240K, used 153267K [0x0000000081e00000, 0x0000000092200000, 0x00000000d5f80000)
  object space 266240K, 57% used [0x0000000081e00000,0x000000008b3ace60,0x0000000092200000)
 Metaspace       used 15665K, capacity 15848K, committed 16000K, reserved 1062912K
  class space    used 1781K, capacity 1864K, committed 1920K, reserved 1048576K
}
Event: 15.722 GC heap before
{Heap before GC invocations=18 (full 2):
 PSYoungGen      total 456704K, used 450006K [0x00000000d5f80000, 0x00000000fe580000, 0x0000000100000000)
  eden space 420864K, 100% used [0x00000000d5f80000,0x00000000efa80000,0x00000000efa80000)
  from space 35840K, 81% used [0x00000000efa80000,0x00000000f16f5b28,0x00000000f1d80000)
  to   space 52736K, 0% used [0x00000000fb200000,0x00000000fb200000,0x00000000fe580000)
 ParOldGen       total 266240K, used 153267K [0x0000000081e00000, 0x0000000092200000, 0x00000000d5f80000)
  object space 266240K, 57% used [0x0000000081e00000,0x000000008b3ace60,0x0000000092200000)
 Metaspace       used 15849K, capacity 16168K, committed 16384K, reserved 1062912K
  class space    used 1815K, capacity 1928K, committed 2048K, reserved 1048576K
Event: 15.846 GC heap after
Heap after GC invocations=18 (full 2):
 PSYoungGen      total 540160K, used 37458K [0x00000000d5f80000, 0x00000000fd700000, 0x0000000100000000)
  eden space 502272K, 0% used [0x00000000d5f80000,0x00000000d5f80000,0x00000000f4a00000)
  from space 37888K, 98% used [0x00000000fb200000,0x00000000fd694a40,0x00000000fd700000)
  to   space 55808K, 0% used [0x00000000f6a00000,0x00000000f6a00000,0x00000000fa080000)
 ParOldGen       total 266240K, used 182547K [0x0000000081e00000, 0x0000000092200000, 0x00000000d5f80000)
  object space 266240K, 68% used [0x0000000081e00000,0x000000008d044e60,0x0000000092200000)
 Metaspace       used 15849K, capacity 16168K, committed 16384K, reserved 1062912K
  class space    used 1815K, capacity 1928K, committed 2048K, reserved 1048576K
}

